build/app/outputs/mapping/release/mapping.txt
# compiler: R8
# compiler_version: 1.5.64
# min_api: 16
# pg_map_id: 3b83de4
com.example.fb.MainActivity -> com.example.fb.MainActivity:
    void configureFlutterEngine(io.flutter.embedding.engine.FlutterEngine) -> a
...
io.flutter.plugin.common.PluginRegistry$UserLeaveHintListener -> b.a.c.a.n:
    void onUserLeaveHint() -> a
io.flutter.plugin.common.StandardMessageCodec -> b.a.c.a.o:
    java.nio.charset.Charset UTF8 -> c
    io.flutter.plugin.common.StandardMessageCodec INSTANCE -> a
    boolean LITTLE_ENDIAN -> b
    java.lang.Object decodeMessage(java.nio.ByteBuffer) -> a
    java.nio.ByteBuffer encodeMessage(java.lang.Object) -> a
    void readAlignment(java.nio.ByteBuffer,int) -> a
    java.lang.Object readValueOfType(byte,java.nio.ByteBuffer) -> a
    void writeAlignment(java.io.ByteArrayOutputStream,int) -> a
    void writeBytes(java.io.ByteArrayOutputStream,byte[]) -> a
    void writeDouble(java.io.ByteArrayOutputStream,double) -> a
    void writeLong(java.io.ByteArrayOutputStream,long) -> a
    void writeValue(java.io.ByteArrayOutputStream,java.lang.Object) -> a
    java.lang.Object readValue(java.nio.ByteBuffer) -> b
    void writeChar(java.io.ByteArrayOutputStream,int) -> b
    byte[] readBytes(java.nio.ByteBuffer) -> c
    void writeInt(java.io.ByteArrayOutputStream,int) -> c
    int readSize(java.nio.ByteBuffer) -> d
    void writeSize(java.io.ByteArrayOutputStream,int) -> d
io.flutter.plugin.common.StandardMessageCodec$ExposedByteArrayOutputStream -> b.a.c.a.o$a:
    byte[] buffer() -> a
io.flutter.plugin.common.StandardMethodCodec -> b.a.c.a.p:
    io.flutter.plugin.common.StandardMessageCodec messageCodec -> a
    io.flutter.plugin.common.StandardMethodCodec INSTANCE -> b
    io.flutter.plugin.common.MethodCall decodeMethodCall(java.nio.ByteBuffer) -> a
    java.nio.ByteBuffer encodeErrorEnvelope(java.lang.String,java.lang.String,java.lang.Object) -> a
    java.nio.ByteBuffer encodeMethodCall(io.flutter.plugin.common.MethodCall) -> a
    java.nio.ByteBuffer encodeSuccessEnvelope(java.lang.Object) -> a
    java.lang.Object decodeEnvelope(java.nio.ByteBuffer) -> b
io.flutter.plugin.common.StringCodec -> b.a.c.a.q:
    java.nio.charset.Charset UTF8 -> a
    io.flutter.plugin.common.StringCodec INSTANCE -> b
    java.lang.Object decodeMessage(java.nio.ByteBuffer) -> a
    java.lang.String decodeMessage(java.nio.ByteBuffer) -> a
    java.nio.ByteBuffer encodeMessage(java.lang.Object) -> a
    java.nio.ByteBuffer encodeMessage(java.lang.String) -> a
io.flutter.plugin.editing.InputConnectionAdaptor -> b.a.c.b.a:
    io.flutter.embedding.engine.systemchannels.TextInputChannel textInputChannel -> c
    android.view.View mFlutterView -> a
    android.view.inputmethod.InputMethodManager mImm -> f
    android.text.Editable mEditable -> d
    int mBatchCount -> e
    int mClient -> b
    android.text.Layout mLayout -> g
    int clampIndexToEditable(int,android.text.Editable) -> a
    void updateEditingState() -> a